<?xml version="1.0" encoding="UTF-8"?>
<!-- Generated by org.testng.reporters.JUnitXMLReporter -->
<testsuite ignored="0" hostname="KADITPC062024-1" failures="0" tests="3" name="Admin Tests" time="41.021" errors="0" timestamp="2024-12-25T15:20:01 IST">
  <testcase classname="sevilai_New.LoginTest" name="testLogin" time="13.995"/>
  <testcase classname="sevilai_New.Super_Admin_Test" name="addSuperAdmin" time="9.458"/>
  <testcase classname="sevilai_New.Super_Admin_Test" name="editSuperAdmin" time="11.537"/>
</testsuite> <!-- Admin Tests -->
